This is pdfTeX, Version 3.14159265-2.6-1.40.19 (MiKTeX 2.9.6630 64-bit) (preloaded format=pdflatex 2018.4.30)  31 AUG 2018 20:30
entering extended mode
**./licenta.tex
(licenta.tex
LaTeX2e <2017-04-15>
Babel <3.18> and hyphenation patterns for 75 language(s) loaded.
("C:\Users\delia\AppData\Local\Programs\MiKTeX 2.9\tex\latex\base\report.cls"
Document Class: report 2014/09/29 v1.4h Standard LaTeX document class
("C:\Users\delia\AppData\Local\Programs\MiKTeX 2.9\tex\latex\base\size12.clo"
File: size12.clo 2014/09/29 v1.4h Standard LaTeX file (size option)
)
\c@part=\count79
\c@chapter=\count80
\c@section=\count81
\c@subsection=\count82
\c@subsubsection=\count83
\c@paragraph=\count84
\c@subparagraph=\count85
\c@figure=\count86
\c@table=\count87
\abovecaptionskip=\skip41
\belowcaptionskip=\skip42
\bibindent=\dimen102
) ("C:\Users\delia\AppData\Local\Programs\MiKTeX 2.9\tex\latex\base\inputenc.st
y"
Package: inputenc 2015/03/17 v1.2c Input encoding file
\inpenc@prehook=\toks14
\inpenc@posthook=\toks15
 ("C:\Users\delia\AppData\Local\Programs\MiKTeX 2.9\tex\latex\base\utf8.def"
File: utf8.def 2017/01/28 v1.1t UTF-8 support for inputenc
Now handling font encoding OML ...
... no UTF-8 mapping file for font encoding OML
Now handling font encoding T1 ...
... processing UTF-8 mapping file for font encoding T1

("C:\Users\delia\AppData\Local\Programs\MiKTeX 2.9\tex\latex\base\t1enc.dfu"
File: t1enc.dfu 2017/01/28 v1.1t UTF-8 support for inputenc
   defining Unicode char U+00A0 (decimal 160)
   defining Unicode char U+00A1 (decimal 161)
   defining Unicode char U+00A3 (decimal 163)
   defining Unicode char U+00AB (decimal 171)
   defining Unicode char U+00AD (decimal 173)
   defining Unicode char U+00BB (decimal 187)
   defining Unicode char U+00BF (decimal 191)
   defining Unicode char U+00C0 (decimal 192)
   defining Unicode char U+00C1 (decimal 193)
   defining Unicode char U+00C2 (decimal 194)
   defining Unicode char U+00C3 (decimal 195)
   defining Unicode char U+00C4 (decimal 196)
   defining Unicode char U+00C5 (decimal 197)
   defining Unicode char U+00C6 (decimal 198)
   defining Unicode char U+00C7 (decimal 199)
   defining Unicode char U+00C8 (decimal 200)
   defining Unicode char U+00C9 (decimal 201)
   defining Unicode char U+00CA (decimal 202)
   defining Unicode char U+00CB (decimal 203)
   defining Unicode char U+00CC (decimal 204)
   defining Unicode char U+00CD (decimal 205)
   defining Unicode char U+00CE (decimal 206)
   defining Unicode char U+00CF (decimal 207)
   defining Unicode char U+00D0 (decimal 208)
   defining Unicode char U+00D1 (decimal 209)
   defining Unicode char U+00D2 (decimal 210)
   defining Unicode char U+00D3 (decimal 211)
   defining Unicode char U+00D4 (decimal 212)
   defining Unicode char U+00D5 (decimal 213)
   defining Unicode char U+00D6 (decimal 214)
   defining Unicode char U+00D8 (decimal 216)
   defining Unicode char U+00D9 (decimal 217)
   defining Unicode char U+00DA (decimal 218)
   defining Unicode char U+00DB (decimal 219)
   defining Unicode char U+00DC (decimal 220)
   defining Unicode char U+00DD (decimal 221)
   defining Unicode char U+00DE (decimal 222)
   defining Unicode char U+00DF (decimal 223)
   defining Unicode char U+00E0 (decimal 224)
   defining Unicode char U+00E1 (decimal 225)
   defining Unicode char U+00E2 (decimal 226)
   defining Unicode char U+00E3 (decimal 227)
   defining Unicode char U+00E4 (decimal 228)
   defining Unicode char U+00E5 (decimal 229)
   defining Unicode char U+00E6 (decimal 230)
   defining Unicode char U+00E7 (decimal 231)
   defining Unicode char U+00E8 (decimal 232)
   defining Unicode char U+00E9 (decimal 233)
   defining Unicode char U+00EA (decimal 234)
   defining Unicode char U+00EB (decimal 235)
   defining Unicode char U+00EC (decimal 236)
   defining Unicode char U+00ED (decimal 237)
   defining Unicode char U+00EE (decimal 238)
   defining Unicode char U+00EF (decimal 239)
   defining Unicode char U+00F0 (decimal 240)
   defining Unicode char U+00F1 (decimal 241)
   defining Unicode char U+00F2 (decimal 242)
   defining Unicode char U+00F3 (decimal 243)
   defining Unicode char U+00F4 (decimal 244)
   defining Unicode char U+00F5 (decimal 245)
   defining Unicode char U+00F6 (decimal 246)
   defining Unicode char U+00F8 (decimal 248)
   defining Unicode char U+00F9 (decimal 249)
   defining Unicode char U+00FA (decimal 250)
   defining Unicode char U+00FB (decimal 251)
   defining Unicode char U+00FC (decimal 252)
   defining Unicode char U+00FD (decimal 253)
   defining Unicode char U+00FE (decimal 254)
   defining Unicode char U+00FF (decimal 255)
   defining Unicode char U+0100 (decimal 256)
   defining Unicode char U+0101 (decimal 257)
   defining Unicode char U+0102 (decimal 258)
   defining Unicode char U+0103 (decimal 259)
   defining Unicode char U+0104 (decimal 260)
   defining Unicode char U+0105 (decimal 261)
   defining Unicode char U+0106 (decimal 262)
   defining Unicode char U+0107 (decimal 263)
   defining Unicode char U+0108 (decimal 264)
   defining Unicode char U+0109 (decimal 265)
   defining Unicode char U+010A (decimal 266)
   defining Unicode char U+010B (decimal 267)
   defining Unicode char U+010C (decimal 268)
   defining Unicode char U+010D (decimal 269)
   defining Unicode char U+010E (decimal 270)
   defining Unicode char U+010F (decimal 271)
   defining Unicode char U+0110 (decimal 272)
   defining Unicode char U+0111 (decimal 273)
   defining Unicode char U+0112 (decimal 274)
   defining Unicode char U+0113 (decimal 275)
   defining Unicode char U+0114 (decimal 276)
   defining Unicode char U+0115 (decimal 277)
   defining Unicode char U+0116 (decimal 278)
   defining Unicode char U+0117 (decimal 279)
   defining Unicode char U+0118 (decimal 280)
   defining Unicode char U+0119 (decimal 281)
   defining Unicode char U+011A (decimal 282)
   defining Unicode char U+011B (decimal 283)
   defining Unicode char U+011C (decimal 284)
   defining Unicode char U+011D (decimal 285)
   defining Unicode char U+011E (decimal 286)
   defining Unicode char U+011F (decimal 287)
   defining Unicode char U+0120 (decimal 288)
   defining Unicode char U+0121 (decimal 289)
   defining Unicode char U+0122 (decimal 290)
   defining Unicode char U+0123 (decimal 291)
   defining Unicode char U+0124 (decimal 292)
   defining Unicode char U+0125 (decimal 293)
   defining Unicode char U+0128 (decimal 296)
   defining Unicode char U+0129 (decimal 297)
   defining Unicode char U+012A (decimal 298)
   defining Unicode char U+012B (decimal 299)
   defining Unicode char U+012C (decimal 300)
   defining Unicode char U+012D (decimal 301)
   defining Unicode char U+012E (decimal 302)
   defining Unicode char U+012F (decimal 303)
   defining Unicode char U+0130 (decimal 304)
   defining Unicode char U+0131 (decimal 305)
   defining Unicode char U+0132 (decimal 306)
   defining Unicode char U+0133 (decimal 307)
   defining Unicode char U+0134 (decimal 308)
   defining Unicode char U+0135 (decimal 309)
   defining Unicode char U+0136 (decimal 310)
   defining Unicode char U+0137 (decimal 311)
   defining Unicode char U+0139 (decimal 313)
   defining Unicode char U+013A (decimal 314)
   defining Unicode char U+013B (decimal 315)
   defining Unicode char U+013C (decimal 316)
   defining Unicode char U+013D (decimal 317)
   defining Unicode char U+013E (decimal 318)
   defining Unicode char U+0141 (decimal 321)
   defining Unicode char U+0142 (decimal 322)
   defining Unicode char U+0143 (decimal 323)
   defining Unicode char U+0144 (decimal 324)
   defining Unicode char U+0145 (decimal 325)
   defining Unicode char U+0146 (decimal 326)
   defining Unicode char U+0147 (decimal 327)
   defining Unicode char U+0148 (decimal 328)
   defining Unicode char U+014A (decimal 330)
   defining Unicode char U+014B (decimal 331)
   defining Unicode char U+014C (decimal 332)
   defining Unicode char U+014D (decimal 333)
   defining Unicode char U+014E (decimal 334)
   defining Unicode char U+014F (decimal 335)
   defining Unicode char U+0150 (decimal 336)
   defining Unicode char U+0151 (decimal 337)
   defining Unicode char U+0152 (decimal 338)
   defining Unicode char U+0153 (decimal 339)
   defining Unicode char U+0154 (decimal 340)
   defining Unicode char U+0155 (decimal 341)
   defining Unicode char U+0156 (decimal 342)
   defining Unicode char U+0157 (decimal 343)
   defining Unicode char U+0158 (decimal 344)
   defining Unicode char U+0159 (decimal 345)
   defining Unicode char U+015A (decimal 346)
   defining Unicode char U+015B (decimal 347)
   defining Unicode char U+015C (decimal 348)
   defining Unicode char U+015D (decimal 349)
   defining Unicode char U+015E (decimal 350)
   defining Unicode char U+015F (decimal 351)
   defining Unicode char U+0160 (decimal 352)
   defining Unicode char U+0161 (decimal 353)
   defining Unicode char U+0162 (decimal 354)
   defining Unicode char U+0163 (decimal 355)
   defining Unicode char U+0164 (decimal 356)
   defining Unicode char U+0165 (decimal 357)
   defining Unicode char U+0168 (decimal 360)
   defining Unicode char U+0169 (decimal 361)
   defining Unicode char U+016A (decimal 362)
   defining Unicode char U+016B (decimal 363)
   defining Unicode char U+016C (decimal 364)
   defining Unicode char U+016D (decimal 365)
   defining Unicode char U+016E (decimal 366)
   defining Unicode char U+016F (decimal 367)
   defining Unicode char U+0170 (decimal 368)
   defining Unicode char U+0171 (decimal 369)
   defining Unicode char U+0172 (decimal 370)
   defining Unicode char U+0173 (decimal 371)
   defining Unicode char U+0174 (decimal 372)
   defining Unicode char U+0175 (decimal 373)
   defining Unicode char U+0176 (decimal 374)
   defining Unicode char U+0177 (decimal 375)
   defining Unicode char U+0178 (decimal 376)
   defining Unicode char U+0179 (decimal 377)
   defining Unicode char U+017A (decimal 378)
   defining Unicode char U+017B (decimal 379)
   defining Unicode char U+017C (decimal 380)
   defining Unicode char U+017D (decimal 381)
   defining Unicode char U+017E (decimal 382)
   defining Unicode char U+01CD (decimal 461)
   defining Unicode char U+01CE (decimal 462)
   defining Unicode char U+01CF (decimal 463)
   defining Unicode char U+01D0 (decimal 464)
   defining Unicode char U+01D1 (decimal 465)
   defining Unicode char U+01D2 (decimal 466)
   defining Unicode char U+01D3 (decimal 467)
   defining Unicode char U+01D4 (decimal 468)
   defining Unicode char U+01E2 (decimal 482)
   defining Unicode char U+01E3 (decimal 483)
   defining Unicode char U+01E6 (decimal 486)
   defining Unicode char U+01E7 (decimal 487)
   defining Unicode char U+01E8 (decimal 488)
   defining Unicode char U+01E9 (decimal 489)
   defining Unicode char U+01EA (decimal 490)
   defining Unicode char U+01EB (decimal 491)
   defining Unicode char U+01F0 (decimal 496)
   defining Unicode char U+01F4 (decimal 500)
   defining Unicode char U+01F5 (decimal 501)
   defining Unicode char U+0218 (decimal 536)
   defining Unicode char U+0219 (decimal 537)
   defining Unicode char U+021A (decimal 538)
   defining Unicode char U+021B (decimal 539)
   defining Unicode char U+0232 (decimal 562)
   defining Unicode char U+0233 (decimal 563)
   defining Unicode char U+1E02 (decimal 7682)
   defining Unicode char U+1E03 (decimal 7683)
   defining Unicode char U+200C (decimal 8204)
   defining Unicode char U+2010 (decimal 8208)
   defining Unicode char U+2011 (decimal 8209)
   defining Unicode char U+2012 (decimal 8210)
   defining Unicode char U+2013 (decimal 8211)
   defining Unicode char U+2014 (decimal 8212)
   defining Unicode char U+2015 (decimal 8213)
   defining Unicode char U+2018 (decimal 8216)
   defining Unicode char U+2019 (decimal 8217)
   defining Unicode char U+201A (decimal 8218)
   defining Unicode char U+201C (decimal 8220)
   defining Unicode char U+201D (decimal 8221)
   defining Unicode char U+201E (decimal 8222)
   defining Unicode char U+2030 (decimal 8240)
   defining Unicode char U+2031 (decimal 8241)
   defining Unicode char U+2039 (decimal 8249)
   defining Unicode char U+203A (decimal 8250)
   defining Unicode char U+2423 (decimal 9251)
   defining Unicode char U+1E20 (decimal 7712)
   defining Unicode char U+1E21 (decimal 7713)
)
Now handling font encoding OT1 ...
... processing UTF-8 mapping file for font encoding OT1

("C:\Users\delia\AppData\Local\Programs\MiKTeX 2.9\tex\latex\base\ot1enc.dfu"
File: ot1enc.dfu 2017/01/28 v1.1t UTF-8 support for inputenc
   defining Unicode char U+00A0 (decimal 160)
   defining Unicode char U+00A1 (decimal 161)
   defining Unicode char U+00A3 (decimal 163)
   defining Unicode char U+00AD (decimal 173)
   defining Unicode char U+00B8 (decimal 184)
   defining Unicode char U+00BF (decimal 191)
   defining Unicode char U+00C5 (decimal 197)
   defining Unicode char U+00C6 (decimal 198)
   defining Unicode char U+00D8 (decimal 216)
   defining Unicode char U+00DF (decimal 223)
   defining Unicode char U+00E6 (decimal 230)
   defining Unicode char U+00EC (decimal 236)
   defining Unicode char U+00ED (decimal 237)
   defining Unicode char U+00EE (decimal 238)
   defining Unicode char U+00EF (decimal 239)
   defining Unicode char U+00F8 (decimal 248)
   defining Unicode char U+0131 (decimal 305)
   defining Unicode char U+0141 (decimal 321)
   defining Unicode char U+0142 (decimal 322)
   defining Unicode char U+0152 (decimal 338)
   defining Unicode char U+0153 (decimal 339)
   defining Unicode char U+0174 (decimal 372)
   defining Unicode char U+0175 (decimal 373)
   defining Unicode char U+0176 (decimal 374)
   defining Unicode char U+0177 (decimal 375)
   defining Unicode char U+0218 (decimal 536)
   defining Unicode char U+0219 (decimal 537)
   defining Unicode char U+021A (decimal 538)
   defining Unicode char U+021B (decimal 539)
   defining Unicode char U+2013 (decimal 8211)
   defining Unicode char U+2014 (decimal 8212)
   defining Unicode char U+2018 (decimal 8216)
   defining Unicode char U+2019 (decimal 8217)
   defining Unicode char U+201C (decimal 8220)
   defining Unicode char U+201D (decimal 8221)
)
Now handling font encoding OMS ...
... processing UTF-8 mapping file for font encoding OMS

("C:\Users\delia\AppData\Local\Programs\MiKTeX 2.9\tex\latex\base\omsenc.dfu"
File: omsenc.dfu 2017/01/28 v1.1t UTF-8 support for inputenc
   defining Unicode char U+00A7 (decimal 167)
   defining Unicode char U+00B6 (decimal 182)
   defining Unicode char U+00B7 (decimal 183)
   defining Unicode char U+2020 (decimal 8224)
   defining Unicode char U+2021 (decimal 8225)
   defining Unicode char U+2022 (decimal 8226)
)
Now handling font encoding OMX ...
... no UTF-8 mapping file for font encoding OMX
Now handling font encoding U ...
... no UTF-8 mapping file for font encoding U
   defining Unicode char U+00A9 (decimal 169)
   defining Unicode char U+00AA (decimal 170)
   defining Unicode char U+00AE (decimal 174)
   defining Unicode char U+00BA (decimal 186)
   defining Unicode char U+02C6 (decimal 710)
   defining Unicode char U+02DC (decimal 732)
   defining Unicode char U+200C (decimal 8204)
   defining Unicode char U+2026 (decimal 8230)
   defining Unicode char U+2122 (decimal 8482)
   defining Unicode char U+2423 (decimal 9251)
))
("C:\Users\delia\AppData\Local\Programs\MiKTeX 2.9\tex\latex\hyphenat\hyphenat.
sty"
Package: hyphenat 2009/09/02 v2.3c hyphenation utilities
\langwohyphens=\language76
LaTeX Info: Redefining \_ on input line 43.
)
("C:\Users\delia\AppData\Local\Programs\MiKTeX 2.9\tex\latex\amsfonts\amssymb.s
ty"
Package: amssymb 2013/01/14 v3.01 AMS font symbols

("C:\Users\delia\AppData\Local\Programs\MiKTeX 2.9\tex\latex\amsfonts\amsfonts.
sty"
Package: amsfonts 2013/01/14 v3.01 Basic AMSFonts support
\@emptytoks=\toks16
\symAMSa=\mathgroup4
\symAMSb=\mathgroup5
LaTeX Font Info:    Overwriting math alphabet `\mathfrak' in version `bold'
(Font)                  U/euf/m/n --> U/euf/b/n on input line 106.
))
("C:\Users\delia\AppData\Local\Programs\MiKTeX 2.9\tex\latex\base\latexsym.sty"
Package: latexsym 1998/08/17 v2.2e Standard LaTeX package (lasy symbols)
\symlasy=\mathgroup6
LaTeX Font Info:    Overwriting symbol font `lasy' in version `bold'
(Font)                  U/lasy/m/n --> U/lasy/b/n on input line 52.
) ("C:\Users\delia\AppData\Local\Programs\MiKTeX 2.9\tex\latex\base\makeidx.sty
"
Package: makeidx 2014/09/29 v1.0m Standard LaTeX package
)
("C:\Users\delia\AppData\Local\Programs\MiKTeX 2.9\tex\latex\graphics\graphicx.
sty"
Package: graphicx 2017/06/01 v1.1a Enhanced LaTeX Graphics (DPC,SPQR)

("C:\Users\delia\AppData\Local\Programs\MiKTeX 2.9\tex\latex\graphics\keyval.st
y"
Package: keyval 2014/10/28 v1.15 key=value parser (DPC)
\KV@toks@=\toks17
)
("C:\Users\delia\AppData\Local\Programs\MiKTeX 2.9\tex\latex\graphics\graphics.
sty"
Package: graphics 2017/06/25 v1.2c Standard LaTeX Graphics (DPC,SPQR)

("C:\Users\delia\AppData\Local\Programs\MiKTeX 2.9\tex\latex\graphics\trig.sty"
Package: trig 2016/01/03 v1.10 sin cos tan (DPC)
)
("C:\Users\delia\AppData\Local\Programs\MiKTeX 2.9\tex\latex\graphics-cfg\graph
ics.cfg"
File: graphics.cfg 2016/06/04 v1.11 sample graphics configuration
)
Package graphics Info: Driver file: pdftex.def on input line 99.

("C:\Users\delia\AppData\Local\Programs\MiKTeX 2.9\tex\latex\graphics-def\pdfte
x.def"
File: pdftex.def 2018/01/08 v1.0l Graphics/color driver for pdftex
))
\Gin@req@height=\dimen103
\Gin@req@width=\dimen104
)
("C:\Users\delia\AppData\Local\Programs\MiKTeX 2.9\tex\latex\amsmath\amsmath.st
y"
Package: amsmath 2017/09/02 v2.17a AMS math features
\@mathmargin=\skip43

For additional information on amsmath, use the `?' option.

("C:\Users\delia\AppData\Local\Programs\MiKTeX 2.9\tex\latex\amsmath\amstext.st
y"
Package: amstext 2000/06/29 v2.01 AMS text

("C:\Users\delia\AppData\Local\Programs\MiKTeX 2.9\tex\latex\amsmath\amsgen.sty
"
File: amsgen.sty 1999/11/30 v2.0 generic functions
\@emptytoks=\toks18
\ex@=\dimen105
))
("C:\Users\delia\AppData\Local\Programs\MiKTeX 2.9\tex\latex\amsmath\amsbsy.sty
"
Package: amsbsy 1999/11/29 v1.2d Bold Symbols
\pmbraise@=\dimen106
)
("C:\Users\delia\AppData\Local\Programs\MiKTeX 2.9\tex\latex\amsmath\amsopn.sty
"
Package: amsopn 2016/03/08 v2.02 operator names
)
\inf@bad=\count88
LaTeX Info: Redefining \frac on input line 213.
\uproot@=\count89
\leftroot@=\count90
LaTeX Info: Redefining \overline on input line 375.
\classnum@=\count91
\DOTSCASE@=\count92
LaTeX Info: Redefining \ldots on input line 472.
LaTeX Info: Redefining \dots on input line 475.
LaTeX Info: Redefining \cdots on input line 596.
\Mathstrutbox@=\box26
\strutbox@=\box27
\big@size=\dimen107
LaTeX Font Info:    Redeclaring font encoding OML on input line 712.
LaTeX Font Info:    Redeclaring font encoding OMS on input line 713.
\macc@depth=\count93
\c@MaxMatrixCols=\count94
\dotsspace@=\muskip10
\c@parentequation=\count95
\dspbrk@lvl=\count96
\tag@help=\toks19
\row@=\count97
\column@=\count98
\maxfields@=\count99
\andhelp@=\toks20
\eqnshift@=\dimen108
\alignsep@=\dimen109
\tagshift@=\dimen110
\tagwidth@=\dimen111
\totwidth@=\dimen112
\lineht@=\dimen113
\@envbody=\toks21
\multlinegap=\skip44
\multlinetaggap=\skip45
\mathdisplay@stack=\toks22
LaTeX Info: Redefining \[ on input line 2817.
LaTeX Info: Redefining \] on input line 2818.
)
("C:\Users\delia\AppData\Local\Programs\MiKTeX 2.9\tex\latex\amscls\amsthm.sty"
Package: amsthm 2017/10/31 v2.20.4
\thm@style=\toks23
\thm@bodyfont=\toks24
\thm@headfont=\toks25
\thm@notefont=\toks26
\thm@headpunct=\toks27
\thm@preskip=\skip46
\thm@postskip=\skip47
\thm@headsep=\skip48
\dth@everypar=\toks28
)
("C:\Users\delia\AppData\Local\Programs\MiKTeX 2.9\tex\latex\tools\enumerate.st
y"
Package: enumerate 2015/07/23 v3.00 enumerate extensions (DPC)
\@enLab=\toks29
)
\c@theorem=\count100
\c@corollary=\count101
\c@definition=\count102

("C:\Users\delia\AppData\Local\Programs\MiKTeX 2.9\tex\latex\setspace\setspace.
sty"
Package: setspace 2011/12/19 v6.7a set line spacing
)
("C:\Users\delia\AppData\Local\Programs\MiKTeX 2.9\tex\latex\etoolbox\etoolbox.
sty"
Package: etoolbox 2018/02/11 v2.5e e-TeX tools for LaTeX (JAW)
\etb@tempcnta=\count103
)
("C:\Users\delia\AppData\Local\Programs\MiKTeX 2.9\tex\latex\tools\afterpage.st
y"
Package: afterpage 2014/10/28 v1.08 After-Page Package (DPC)
\AP@output=\toks30
\AP@partial=\box28
\AP@footins=\box29
) (licenta.aux

LaTeX Warning: Label `1.2' multiply defined.


LaTeX Warning: Label `1.3' multiply defined.


LaTeX Warning: Label `1.4' multiply defined.

)
\openout1 = `licenta.aux'.

LaTeX Font Info:    Checking defaults for OML/cmm/m/it on input line 31.
LaTeX Font Info:    ... okay on input line 31.
LaTeX Font Info:    Checking defaults for T1/cmr/m/n on input line 31.
LaTeX Font Info:    ... okay on input line 31.
LaTeX Font Info:    Checking defaults for OT1/cmr/m/n on input line 31.
LaTeX Font Info:    ... okay on input line 31.
LaTeX Font Info:    Checking defaults for OMS/cmsy/m/n on input line 31.
LaTeX Font Info:    ... okay on input line 31.
LaTeX Font Info:    Checking defaults for OMX/cmex/m/n on input line 31.
LaTeX Font Info:    ... okay on input line 31.
LaTeX Font Info:    Checking defaults for U/cmr/m/n on input line 31.
LaTeX Font Info:    ... okay on input line 31.

("C:\Users\delia\AppData\Local\Programs\MiKTeX 2.9\tex\context\base\supp-pdf.mk
ii"
[Loading MPS to PDF converter (version 2006.09.02).]
\scratchcounter=\count104
\scratchdimen=\dimen114
\scratchbox=\box30
\nofMPsegments=\count105
\nofMParguments=\count106
\everyMPshowfont=\toks31
\MPscratchCnt=\count107
\MPscratchDim=\dimen115
\MPnumerator=\count108
\makeMPintoPDFobject=\count109
\everyMPtoPDFconversion=\toks32
)
("C:\Users\delia\AppData\Local\Programs\MiKTeX 2.9\tex\latex\oberdiek\epstopdf-
base.sty"
Package: epstopdf-base 2016/05/15 v2.6 Base part for package epstopdf

("C:\Users\delia\AppData\Local\Programs\MiKTeX 2.9\tex\generic\oberdiek\infware
rr.sty"
Package: infwarerr 2016/05/16 v1.4 Providing info/warning/error messages (HO)
)
("C:\Users\delia\AppData\Local\Programs\MiKTeX 2.9\tex\latex\oberdiek\grfext.st
y"
Package: grfext 2016/05/16 v1.2 Manage graphics extensions (HO)

("C:\Users\delia\AppData\Local\Programs\MiKTeX 2.9\tex\generic\oberdiek\kvdefin
ekeys.sty"
Package: kvdefinekeys 2016/05/16 v1.4 Define keys (HO)

("C:\Users\delia\AppData\Local\Programs\MiKTeX 2.9\tex\generic\oberdiek\ltxcmds
.sty"
Package: ltxcmds 2016/05/16 v1.23 LaTeX kernel commands for general use (HO)
)))
("C:\Users\delia\AppData\Local\Programs\MiKTeX 2.9\tex\latex\oberdiek\kvoptions
.sty"
Package: kvoptions 2016/05/16 v3.12 Key value format for package options (HO)

("C:\Users\delia\AppData\Local\Programs\MiKTeX 2.9\tex\generic\oberdiek\kvsetke
ys.sty"
Package: kvsetkeys 2016/05/16 v1.17 Key value parser (HO)

("C:\Users\delia\AppData\Local\Programs\MiKTeX 2.9\tex\generic\oberdiek\etexcmd
s.sty"
Package: etexcmds 2016/05/16 v1.6 Avoid name clashes with e-TeX commands (HO)

("C:\Users\delia\AppData\Local\Programs\MiKTeX 2.9\tex\generic\oberdiek\ifluate
x.sty"
Package: ifluatex 2016/05/16 v1.4 Provides the ifluatex switch (HO)
Package ifluatex Info: LuaTeX not detected.
)
Package etexcmds Info: Could not find \expanded.
(etexcmds)             That can mean that you are not using pdfTeX 1.50 or
(etexcmds)             that some package has redefined \expanded.
(etexcmds)             In the latter case, load this package earlier.
)))
("C:\Users\delia\AppData\Local\Programs\MiKTeX 2.9\tex\generic\oberdiek\pdftexc
mds.sty"
Package: pdftexcmds 2018/01/21 v0.26 Utility functions of pdfTeX for LuaTeX (HO
)

("C:\Users\delia\AppData\Local\Programs\MiKTeX 2.9\tex\generic\oberdiek\ifpdf.s
ty"
Package: ifpdf 2017/03/15 v3.2 Provides the ifpdf switch
)
Package pdftexcmds Info: LuaTeX not detected.
Package pdftexcmds Info: \pdf@primitive is available.
Package pdftexcmds Info: \pdf@ifprimitive is available.
Package pdftexcmds Info: \pdfdraftmode found.
)
Package epstopdf-base Info: Redefining graphics rule for `.eps' on input line 4
38.
Package grfext Info: Graphics extension search list:
(grfext)             [.pdf,.png,.jpg,.mps,.jpeg,.jbig2,.jb2,.PDF,.PNG,.JPG,.JPE
G,.JBIG2,.JB2,.eps]
(grfext)             \AppendGraphicsExtensions on input line 456.
)
<Facultate1.jpg, id=1, 321.2pt x 321.2pt>
File: Facultate1.jpg Graphic file (type jpg)
<use Facultate1.jpg>
Package pdftex.def Info: Facultate1.jpg  used on input line 35.
(pdftex.def)             Requested size: 97.5pt x 97.4978pt.
 [1

{C:/Users/delia/AppData/Local/MiKTeX/2.9/pdftex/config/pdftex.map} <./Facultate
1.jpg>]
LaTeX Font Info:    Try loading font information for OMS+cmr on input line 58.

("C:\Users\delia\AppData\Local\Programs\MiKTeX 2.9\tex\latex\base\omscmr.fd"
File: omscmr.fd 2014/09/29 v2.5h Standard LaTeX font definitions
)
LaTeX Font Info:    Font shape `OMS/cmr/m/n' in size <12> not available
(Font)              Font shape `OMS/cmsy/m/n' tried instead on input line 58.

[1] (licenta.toc
LaTeX Font Info:    Try loading font information for U+msa on input line 3.

("C:\Users\delia\AppData\Local\Programs\MiKTeX 2.9\tex\latex\amsfonts\umsa.fd"
File: umsa.fd 2013/01/14 v3.01 AMS symbols A
)
LaTeX Font Info:    Try loading font information for U+msb on input line 3.
("C:\Users\delia\AppData\Local\Programs\MiKTeX 2.9\tex\latex\amsfonts\umsb.fd"
File: umsb.fd 2013/01/14 v3.01 AMS symbols B
)
LaTeX Font Info:    Try loading font information for U+lasy on input line 3.
("C:\Users\delia\AppData\Local\Programs\MiKTeX 2.9\tex\latex\base\ulasy.fd"
File: ulasy.fd 1998/08/17 v2.2e LaTeX symbol font definitions
)
[2

]
Overfull \hbox (11.41946pt too wide) in paragraph at lines 53--53
 [][] []\OT1/cmr/m/n/12 Dynamical sys-tems de-fined by a lin-ear dif-fer-ence e
qua-tion 
 []

)
\tf@toc=\write3
\openout3 = `licenta.toc'.

 [2]
Overfull \hbox (12.05843pt too wide) in paragraph at lines 81--81
\OT1/cmr/m/n/12 and de-mand (mi-croe-co-nomics), Key-ne-sian model and IS-LM (m
acroe-co-nomics). 
 []


Overfull \hbox (2.25009pt too wide) in paragraph at lines 83--83
\OT1/cmr/m/n/12 for un-der-stand-ing eco-nomic mod-els: equa-tions with sep-a-r
a-ble vari-ables, lin-ear
 []


Overfull \hbox (7.6204pt too wide) in paragraph at lines 83--83
\OT1/cmr/m/n/12 dif-fer-en-tial equa-tions with con-stant co-ef-fi-cients will 
be in-tro-duced. Here-inafter,
 []


Overfull \hbox (5.6445pt too wide) in paragraph at lines 83--83
\OT1/cmr/m/n/12 space, phase por-traits and rep-re-sen-ta-tions of tra-jec-to-r
ies de-scribed by dy-namic
 []

[3

] [4]
Chapter 1.

Overfull \hbox (60.97183pt too wide) detected at line 109
[]
 []

[1

]
Overfull \hbox (10.67381pt too wide) in paragraph at lines 112--114
\OT1/cmr/bx/n/12 Definition 1.2.1.1. \OT1/cmr/m/it/12 We call a so-lu-tion on t
he in-ter-val $\OML/cmm/m/it/12 I \OMS/cmsy/m/n/12  \U/msb/m/n/12 R$ \OT1/cmr/
m/it/12 for the dif-fer-en-tial
 []


Underfull \hbox (badness 10000) in paragraph at lines 120--123

 []


Underfull \hbox (badness 10000) in paragraph at lines 120--123

 []


Underfull \hbox (badness 10000) in paragraph at lines 147--152

 []

[2] [3]
Overfull \hbox (14.54553pt too wide) in paragraph at lines 172--179
\OT1/cmr/m/n/12 For ex-am-ple, if we have a Cauchy prob-lem of the fol-low-ing 
form: $[]$
 []

[4]
Overfull \hbox (10.67084pt too wide) in paragraph at lines 184--185
\OT1/cmr/m/n/12 The fol-low-ing sec-tion in-tro-duces the gen-eral method of so
lv-ing lin-ear dif-fer-en-tial
 []


Overfull \hbox (2.51616pt too wide) in paragraph at lines 186--186
[]\OT1/cmr/bx/n/14.4 The Gen-eral Form of a lin-ear dif-fer-en-tial equa-tion
 []

[5]
Underfull \hbox (badness 10000) in paragraph at lines 229--231

 []

[6]
Underfull \hbox (badness 10000) in paragraph at lines 242--247

 []

[7]
Underfull \hbox (badness 10000) in paragraph at lines 267--268

 []

[8]
Overfull \hbox (6.22736pt too wide) in paragraph at lines 294--296
[]\OT1/cmr/m/n/12 Then $(\OMS/cmsy/m/n/12 M[]\OT1/cmr/m/n/12 (\U/msb/m/n/12 K\O
T1/cmr/m/n/12 )\OML/cmm/m/it/12 ; \OMS/cmsy/m/n/12 kk\OT1/cmr/m/n/12 )$ is a B
a-nach space. The de-fined norm has the fol-low-ing
 []

[9]
Overfull \hbox (0.97511pt too wide) in paragraph at lines 333--335
\OT1/cmr/m/n/12 Regarding the ex-is-tence and unique-ness of the so-lu-tion of 
the pre-vi-ous sys-tem,
 []

[10]
Overfull \hbox (1.39017pt too wide) in paragraph at lines 359--361
[]\OT1/cmr/m/n/12 Resuming the proof of the the-o-rem, let us de-note $\OML/cmm
/m/it/12 A \OT1/cmr/m/n/12 : \OML/cmm/m/it/12 C\OT1/cmr/m/n/12 (\OML/cmm/m/it/1
2 J; \U/msb/m/n/12 R[]\OT1/cmr/m/n/12 ) \OMS/cmsy/m/n/12 ! \OML/cmm/m/it/12 C\O
T1/cmr/m/n/12 (\OML/cmm/m/it/12 J; \U/msb/m/n/12 R[]\OT1/cmr/m/n/12 )$,
 []


Underfull \hbox (badness 10000) in paragraph at lines 367--371

 []

[11]
Underfull \hbox (badness 10000) in paragraph at lines 396--398

 []


Underfull \hbox (badness 10000) in paragraph at lines 409--411

 []


Overfull \hbox (10.6052pt too wide) in paragraph at lines 448--450
\OT1/cmr/bx/n/12 Theorem 1.4.4.2 \OT1/cmr/m/n/12 (of ex-is-tence, unique-ness a
nd rep-re-sen-ta-tion of the so-lu-tion)\OT1/cmr/bx/n/12 .
 []


Overfull \hbox (35.40395pt too wide) in paragraph at lines 458--461
\OT1/cmr/m/it/12 so-lu-tions of a bidi-men-sional lin-ear and ho-mo-ge-neous sy
s-tem is a lin-ear bidi-men-sional
 []

[12]
Overfull \hbox (11.68066pt too wide) in paragraph at lines 467--468
\OT1/cmr/bx/n/12 Definition 1.4.4.1. \OT1/cmr/m/it/12 A ma-trix in which the co
lumns are the lin-early in-de-pen-dent
 []

[13]
Overfull \hbox (19.80547pt too wide) in paragraph at lines 512--513
[]\OT1/cmr/m/n/12 According to 1.4.5.1[], solv-ing a lin-ear sys-tem de-pends o
n find-ing a fun-da-men-tal
 []

[14]
Overfull \hbox (3.62091pt too wide) in paragraph at lines 542--545
\OT1/cmr/m/n/12 the fun-da-men-tal ma-trix and how we can di-rectly solve the s
ys-tem still re-mains. 
 []

[15] [16] [17] [18] [19] [20]
Overfull \hbox (13.56671pt too wide) in paragraph at lines 695--695
[]\OT1/cmr/bx/n/12 Dynamic sys-tems de-fined by sys-tems of dif-fer-en-tial equ
a-tions 
 []


Overfull \hbox (17.29439pt too wide) in paragraph at lines 696--697
\OT1/cmr/m/n/12 Firstly, let us con-sider a sys-tem of dif-fer-en-tial equa-tio
ns with con-stant co-ef-fi-cients 
 []

[21] [22]
Overfull \hbox (1.67767pt too wide) in paragraph at lines 766--767
\OT1/cmr/m/it/12 Considering a dy-namic sys-tem in $\OML/cmm/m/it/12 R[]$ \OT1/
cmr/m/it/12 de-fined by an au-tonomous sys-tem [],
 []

[23]
Package epstopdf Info: Source file: <Portretfazicex1.eps>
(epstopdf)                    date: 2018-08-05 13:11:14
(epstopdf)                    size: 102827 bytes
(epstopdf)             Output file: <Portretfazicex1-eps-converted-to.pdf>
(epstopdf)                    date: 2018-08-05 13:11:14
(epstopdf)                    size: 15819 bytes
(epstopdf)             Command: <epstopdf --outfile=Portretfazicex1-eps-convert
ed-to.pdf Portretfazicex1.eps>
(epstopdf)             \includegraphics on input line 795.
Package epstopdf Info: Output file is already uptodate.
<Portretfazicex1-eps-converted-to.pdf, id=108, 557.08125pt x 557.08125pt>
File: Portretfazicex1-eps-converted-to.pdf Graphic file (type pdf)
<use Portretfazicex1-eps-converted-to.pdf>
Package pdftex.def Info: Portretfazicex1-eps-converted-to.pdf  used on input li
ne 795.
(pdftex.def)             Requested size: 284.52756pt x 284.5327pt.


LaTeX Warning: `h' float specifier changed to `ht'.

[24]
Package epstopdf Info: Source file: <Portretfazicex2.eps>
(epstopdf)                    date: 2018-08-05 13:11:14
(epstopdf)                    size: 102510 bytes
(epstopdf)             Output file: <Portretfazicex2-eps-converted-to.pdf>
(epstopdf)                    date: 2018-08-05 13:11:14
(epstopdf)                    size: 18352 bytes
(epstopdf)             Command: <epstopdf --outfile=Portretfazicex2-eps-convert
ed-to.pdf Portretfazicex2.eps>
(epstopdf)             \includegraphics on input line 808.
Package epstopdf Info: Output file is already uptodate.
<Portretfazicex2-eps-converted-to.pdf, id=113, 557.08125pt x 557.08125pt>
File: Portretfazicex2-eps-converted-to.pdf Graphic file (type pdf)
<use Portretfazicex2-eps-converted-to.pdf>
Package pdftex.def Info: Portretfazicex2-eps-converted-to.pdf  used on input li
ne 808.
(pdftex.def)             Requested size: 284.52756pt x 284.5327pt.

Overfull \hbox (2.58536pt too wide) in paragraph at lines 803--810
\OT1/cmr/m/it/12 By solv-ing the equa-tion with sep-a-ra-ble vari-ables, we ob-
tain the so-lu-tion $\OML/cmm/m/it/12 x[]\OT1/cmr/m/n/12 (\OML/cmm/m/it/12 t\OT
1/cmr/m/n/12 ) =
 []


LaTeX Warning: `h' float specifier changed to `ht'.

Package epstopdf Info: Source file: <Portretfazicex3.eps>
(epstopdf)                    date: 2018-08-05 13:11:14
(epstopdf)                    size: 102510 bytes
(epstopdf)             Output file: <Portretfazicex3-eps-converted-to.pdf>
(epstopdf)                    date: 2018-08-05 13:11:14
(epstopdf)                    size: 18359 bytes
(epstopdf)             Command: <epstopdf --outfile=Portretfazicex3-eps-convert
ed-to.pdf Portretfazicex3.eps>
(epstopdf)             \includegraphics on input line 821.
Package epstopdf Info: Output file is already uptodate.
<Portretfazicex3-eps-converted-to.pdf, id=114, 557.08125pt x 557.08125pt>
File: Portretfazicex3-eps-converted-to.pdf Graphic file (type pdf)
<use Portretfazicex3-eps-converted-to.pdf>
Package pdftex.def Info: Portretfazicex3-eps-converted-to.pdf  used on input li
ne 821.
(pdftex.def)             Requested size: 284.52756pt x 284.5327pt.

LaTeX Warning: `h' float specifier changed to `ht'.

[25 <./Portretfazicex1-eps-converted-to.pdf>]
Package epstopdf Info: Source file: <Portretfazicex4.eps>
(epstopdf)                    date: 2018-08-05 13:11:14
(epstopdf)                    size: 128455 bytes
(epstopdf)             Output file: <Portretfazicex4-eps-converted-to.pdf>
(epstopdf)                    date: 2018-08-05 13:11:14
(epstopdf)                    size: 20061 bytes
(epstopdf)             Command: <epstopdf --outfile=Portretfazicex4-eps-convert
ed-to.pdf Portretfazicex4.eps>
(epstopdf)             \includegraphics on input line 840.
Package epstopdf Info: Output file is already uptodate.
<Portretfazicex4-eps-converted-to.pdf, id=121, 557.08125pt x 557.08125pt>
File: Portretfazicex4-eps-converted-to.pdf Graphic file (type pdf)
<use Portretfazicex4-eps-converted-to.pdf>
Package pdftex.def Info: Portretfazicex4-eps-converted-to.pdf  used on input li
ne 840.
(pdftex.def)             Requested size: 284.52756pt x 284.5327pt.


LaTeX Warning: `h' float specifier changed to `ht'.

[26 <./Portretfazicex2-eps-converted-to.pdf>]
Package epstopdf Info: Source file: <Portretfazicex5.eps>
(epstopdf)                    date: 2018-08-05 13:11:14
(epstopdf)                    size: 144185 bytes
(epstopdf)             Output file: <Portretfazicex5-eps-converted-to.pdf>
(epstopdf)                    date: 2018-08-05 13:11:14
(epstopdf)                    size: 33919 bytes
(epstopdf)             Command: <epstopdf --outfile=Portretfazicex5-eps-convert
ed-to.pdf Portretfazicex5.eps>
(epstopdf)             \includegraphics on input line 859.
Package epstopdf Info: Output file is already uptodate.
<Portretfazicex5-eps-converted-to.pdf, id=127, 557.08125pt x 557.08125pt>
File: Portretfazicex5-eps-converted-to.pdf Graphic file (type pdf)
<use Portretfazicex5-eps-converted-to.pdf>
Package pdftex.def Info: Portretfazicex5-eps-converted-to.pdf  used on input li
ne 859.
(pdftex.def)             Requested size: 284.52756pt x 284.5327pt.


LaTeX Warning: `h' float specifier changed to `ht'.

[27 <./Portretfazicex3-eps-converted-to.pdf>]

LaTeX Warning: No positions in optional float specifier.
               Default added (so using `tbp') on input line 866.


Overfull \hbox (5.21051pt too wide) in paragraph at lines 878--878
\OT1/cmr/m/it/12 de-note au-tonomous ex-pen-di-tures. Pa-ram-e-ter $\OML/cmm/m/
it/12 b$ \OT1/cmr/m/it/12 de-notes the marginal propen-sity
 []


Overfull \hbox (12.17952pt too wide) in paragraph at lines 879--880
[]\OT1/cmr/m/it/12 By sub-sti-tu-tions, we get the fol-low-ing con-di-tion for 
goods mar-ket equi-lib-rium: 
 []

[28 <./Portretfazicex4-eps-converted-to.pdf>] [29 <./Portretfazicex5-eps-conver
ted-to.pdf>]
<IS-LM.png, id=143, 365.365pt x 365.365pt>
File: IS-LM.png Graphic file (type png)
<use IS-LM.png>
Package pdftex.def Info: IS-LM.png  used on input line 912.
(pdftex.def)             Requested size: 284.52756pt x 284.54312pt.
 [30 <./IS-LM.png (PNG copy)>]
Overfull \hbox (6.69359pt too wide) in paragraph at lines 917--918
\OT1/cmr/m/it/12 both the money mar-ket and the goods mar-ket, nei-ther of whic
h is in-stan-ta-neous.
 []

[31] [32]
Chapter 2.

Overfull \hbox (1.59363pt too wide) in paragraph at lines 959--960
\OT1/cmr/m/it/12 equa-tion and its par-tic-u-lar cases, fol-lowed by the gen-er
-ated dy-nam-i-cal sys-tems.
 []


Overfull \hbox (23.77213pt too wide) detected at line 973
[]
 []

[33

] [34]
Underfull \hbox (badness 10000) in paragraph at lines 1052--1055

 []

[35]
Underfull \hbox (badness 10000) in paragraph at lines 1063--1066

 []


Underfull \hbox (badness 10000) in paragraph at lines 1063--1066

 []


Underfull \hbox (badness 10000) in paragraph at lines 1069--1072

 []

[36] [37]
Overfull \hbox (12.38022pt too wide) in paragraph at lines 1112--1114
\OT1/cmr/m/it/12 then $\OT1/cmr/m/n/12 (\U/msb/m/n/12 R\OML/cmm/m/it/12 ; \U/ms
b/m/n/12 N\OML/cmm/m/it/12 ; '\OT1/cmr/m/n/12 )$ \OT1/cmr/m/it/12 is a dis-cret
e dy-nam-i-cal sys-tem gen-er-ated by []. The tra-jec-tory
 []


Overfull \hbox (20.3358pt too wide) in paragraph at lines 1130--1130
[]\OT1/cmr/bx/n/17.28 Dynamics gen-er-ated by dif-fer-ence equa-tions
 []

[38]
Overfull \hbox (2.79063pt too wide) in paragraph at lines 1146--1147
\OT1/cmr/bx/n/12 Definition 2.4.1.1. \OT1/cmr/m/it/12 A point $\OML/cmm/m/it/12
 x[] \OMS/cmsy/m/n/12 2 \U/msb/m/n/12 R$ \OT1/cmr/m/it/12 is called an equi-lib
-rium point (sta-tion-ary)
 []


Overfull \hbox (3.83014pt too wide) in paragraph at lines 1146--1147
\OT1/cmr/m/n/12 (\U/msb/m/n/12 R\OML/cmm/m/it/12 ; \U/msb/m/n/12 N\OML/cmm/m/it
/12 ; '\OT1/cmr/m/n/12 )$\OT1/cmr/m/it/12 . The con-stant so-lu-tion de-fined b
y [] is called equi-lib-rium so-lu-tion
 []


Overfull \hbox (0.82828pt too wide) in paragraph at lines 1148--1149
[]\OT1/cmr/m/it/12 One of the main ob-jec-tives in the study of dy-nam-ics gen-
er-ated by dif-fer-ence
 []

[39]
Overfull \hbox (12.15369pt too wide) in paragraph at lines 1168--1170
\OT1/cmr/m/it/12 The Cob-web di-a-gram rep-re-sents the graphic vi-su-al-iza-ti
on of a dy-namic gen-er-ated
 []

[40] [41] [42] [43]
Overfull \hbox (1.53925pt too wide) in paragraph at lines 1299--1301
\OT1/cmr/m/n/12 Obviously,if $\OML/cmm/m/it/12 x[]$ \OT1/cmr/m/n/12 is an equi-
lib-rium point for [], then $\OML/cmm/m/it/12 x[]$ \OT1/cmr/m/n/12 is also an e
qui-lib-rium
 []

[44]
Overfull \hbox (14.3977pt too wide) in paragraph at lines 1374--1375
\OT1/cmr/bx/n/12 Theorem 2.4.2.9. \OT1/cmr/m/it/12 If k is even, then the zero 
so-lu-tion of [] is asymp-tot-i-cally
 []

[45]
Underfull \hbox (badness 10000) in paragraph at lines 1405--1409

 []


Underfull \hbox (badness 10000) in paragraph at lines 1405--1409

 []

[46]
Underfull \hbox (badness 10000) in paragraph at lines 1413--1415

 []


Underfull \hbox (badness 10000) in paragraph at lines 1416--1418

 []


Underfull \hbox (badness 10000) in paragraph at lines 1416--1418

 []


Underfull \hbox (badness 10000) in paragraph at lines 1419--1422

 []

[47]
Overfull \hbox (6.65321pt too wide) in paragraph at lines 1444--1448
\OT1/cmr/m/it/12 pe-riod $\OML/cmm/m/it/12 n \OT1/cmr/m/n/12 + 1$ \OT1/cmr/m/it
/12 de-pends lin-early on the price from the pre-vi-ous pe-riod. $[]$
 []

[48]
<Cobweb.PNG, id=207, 558.58687pt x 376.40625pt>
File: Cobweb.PNG Graphic file (type png)
<use Cobweb.PNG>
Package pdftex.def Info: Cobweb.PNG  used on input line 1483.
(pdftex.def)             Requested size: 284.52756pt x 191.7349pt.
<cobwebdiagramfirstexample.png, id=209, 526.96875pt x 299.61937pt>
File: cobwebdiagramfirstexample.png Graphic file (type png)
<use cobwebdiagramfirstexample.png>
Package pdftex.def Info: cobwebdiagramfirstexample.png  used on input line 1489
.
(pdftex.def)             Requested size: 284.52756pt x 161.7829pt.
<cobwebratioabove1.PNG, id=210, 589.4522pt x 385.44pt>
File: cobwebratioabove1.PNG Graphic file (type png)
<use cobwebratioabove1.PNG>
Package pdftex.def Info: cobwebratioabove1.PNG  used on input line 1495.
(pdftex.def)             Requested size: 284.52756pt x 186.0501pt.
<CobwebRatio1.PNG, id=211, 591.71063pt x 397.485pt>
File: CobwebRatio1.PNG Graphic file (type png)
<use CobwebRatio1.PNG>
Package pdftex.def Info: CobwebRatio1.PNG  used on input line 1501.
(pdftex.def)             Requested size: 284.52756pt x 191.13634pt.


LaTeX Warning: `h' float specifier changed to `ht'.


LaTeX Warning: `h' float specifier changed to `ht'.

[49]

LaTeX Warning: `h' float specifier changed to `ht'.


LaTeX Warning: `h' float specifier changed to `ht'.

[50 <./Cobweb.PNG>]
Overfull \hbox (6.60353pt too wide) in paragraph at lines 1515--1517
\OT1/cmr/m/it/12 and then in the third equa-tion from the model we shall re-pla
ce to-tal ex-pen-di-tures
 []

[51 <./cobwebdiagramfirstexample.png> <./cobwebratioabove1.PNG>] [52 <./CobwebR
atio1.PNG>]
<keynesian.PNG, id=228, 457.71pt x 627.84563pt>
File: keynesian.PNG Graphic file (type png)
<use keynesian.PNG>
Package pdftex.def Info: keynesian.PNG  used on input line 1550.
(pdftex.def)             Requested size: 227.62204pt x 312.22635pt.


LaTeX Warning: `h' float specifier changed to `ht'.


Overfull \hbox (15.91489pt too wide) in paragraph at lines 1559--1560
\OT1/cmr/m/it/12 Dynamic sys-tems gen-er-ated by dif-fer-ence equa-tions ap-pea
r in many math-e-mat-i-cal
 []

[53] [54 <./keynesian.PNG>]
Overfull \hbox (57.47112pt too wide) in paragraph at lines 1569--1571
\OT1/cmtt/m/it/12 https://www.khanacademy.org/economics-finance-domain/macroeco
nomics/ 
 []


Overfull \hbox (76.37094pt too wide) in paragraph at lines 1569--1571
\OT1/cmtt/m/it/12 income-and-expenditure-topic/keynesian-cross-tutorial/v/keyne
sian-cross 
 []


Overfull \hbox (57.47112pt too wide) in paragraph at lines 1573--1575
\OT1/cmtt/m/it/12 https://www.khanacademy.org/economics-finance-domain/macroeco
nomics/ 
 []


Overfull \hbox (76.37094pt too wide) in paragraph at lines 1573--1575
\OT1/cmtt/m/it/12 income-and-expenditure-topic/is-lm-model-tutorial/v/investmen
t-and-real 
 []


Underfull \hbox (badness 5592) in paragraph at lines 1577--1578
[]\OT1/cmr/m/it/12 G. Morosanu. Ecua[]ii Diferen[]iale. Aplica[]ii. Ed-i-tura 
Academiei
 []


Overfull \hbox (51.17117pt too wide) in paragraph at lines 1580--1582
\OT1/cmtt/m/it/12 https://www.sciencedirect.com/science/article/pii/S0022247X05
00106X 
 []


Underfull \hbox (badness 1057) in paragraph at lines 1587--1588
[]\OT1/cmr/m/it/12 Radu Pre-cup. Ecua[]ii Diferen[]iale, RISO-PRINT, Cluj-Napoc
a 2011
 []


Underfull \hbox (badness 5446) in paragraph at lines 1593--1595
[]\OT1/cmr/m/it/12 M.A. []erban. Ecua[]ii si sis-teme de ecua[]ii diferen[]ial
e, Presa
 []


Underfull \hbox (badness 1502) in paragraph at lines 1598--1599
[]\OT1/cmr/m/it/12 Ronald Shone. An in-tro-duc-tion to eco-nomic dy-namic. Cam-
bridge
 []

[55

] (licenta.aux)

LaTeX Warning: There were multiply-defined labels.

 ) 
Here is how much of TeX's memory you used:
 3392 strings out of 493305
 45310 string characters out of 3129802
 110251 words of memory out of 3000000
 6841 multiletter control sequences out of 15000+200000
 16792 words of font info for 66 fonts, out of 3000000 for 9000
 1141 hyphenation exceptions out of 8191
 41i,12n,26p,1011b,235s stack positions out of 5000i,500n,10000p,200000b,50000s
<C:/Users/delia/AppData/Local/Programs/MiKTeX 2.9/fonts/type1/public/amsfonts
/cm/cmbx12.pfb><C:/Users/delia/AppData/Local/Programs/MiKTeX 2.9/fonts/type1/pu
blic/amsfonts/cm/cmbxti10.pfb><C:/Users/delia/AppData/Local/Programs/MiKTeX 2.9
/fonts/type1/public/amsfonts/cm/cmcsc10.pfb><C:/Users/delia/AppData/Local/Progr
ams/MiKTeX 2.9/fonts/type1/public/amsfonts/cm/cmex10.pfb><C:/Users/delia/AppDat
a/Local/Programs/MiKTeX 2.9/fonts/type1/public/amsfonts/cmextra/cmex8.pfb><C:/U
sers/delia/AppData/Local/Programs/MiKTeX 2.9/fonts/type1/public/amsfonts/cm/cmi
tt10.pfb><C:/Users/delia/AppData/Local/Programs/MiKTeX 2.9/fonts/type1/public/a
msfonts/cm/cmmi10.pfb><C:/Users/delia/AppData/Local/Programs/MiKTeX 2.9/fonts/t
ype1/public/amsfonts/cm/cmmi12.pfb><C:/Users/delia/AppData/Local/Programs/MiKTe
X 2.9/fonts/type1/public/amsfonts/cm/cmmi6.pfb><C:/Users/delia/AppData/Local/Pr
ograms/MiKTeX 2.9/fonts/type1/public/amsfonts/cm/cmmi8.pfb><C:/Users/delia/AppD
ata/Local/Programs/MiKTeX 2.9/fonts/type1/public/amsfonts/cm/cmr12.pfb><C:/User
s/delia/AppData/Local/Programs/MiKTeX 2.9/fonts/type1/public/amsfonts/cm/cmr6.p
fb><C:/Users/delia/AppData/Local/Programs/MiKTeX 2.9/fonts/type1/public/amsfont
s/cm/cmr8.pfb><C:/Users/delia/AppData/Local/Programs/MiKTeX 2.9/fonts/type1/pub
lic/amsfonts/cm/cmsy10.pfb><C:/Users/delia/AppData/Local/Programs/MiKTeX 2.9/fo
nts/type1/public/amsfonts/cm/cmsy6.pfb><C:/Users/delia/AppData/Local/Programs/M
iKTeX 2.9/fonts/type1/public/amsfonts/cm/cmsy8.pfb><C:/Users/delia/AppData/Loca
l/Programs/MiKTeX 2.9/fonts/type1/public/amsfonts/cm/cmti12.pfb><C:/Users/delia
/AppData/Local/Programs/MiKTeX 2.9/fonts/type1/public/amsfonts/cm/cmti8.pfb><C:
/Users/delia/AppData/Local/Programs/MiKTeX 2.9/fonts/type1/public/amsfonts/symb
ols/msbm10.pfb>
Output written on licenta.pdf (61 pages, 636893 bytes).
PDF statistics:
 302 PDF objects out of 1000 (max. 8388607)
 0 named destinations out of 1000 (max. 500000)
 61 words of extra memory for PDF output out of 10000 (max. 10000000)

